[11:09:05:203]  Program started ... 
[11:09:07:469]  Program ended!
[11:09:07:470]  Time wasted:	3066 (ms)
[11:10:55:936]  Program started ... 
[11:11:04:627]  Start to create sender related tempt document...
[11:11:55:035]  Program started ... 
[11:12:00:177]  Start to create sender related tempt document...
[11:27:34:214]  Program started ... 
[11:27:40:064]  Start to create sender related tempt document...
[11:27:56:085]  Sender related tempt documents had been created.
[11:27:56:086]  Program ended!
[11:27:56:087]  Time wasted:	961905 (ms)
[11:30:30:787]  Program started ... 
[11:30:35:088]  Start to create sender related tempt document...
[11:31:19:866]  Program started ... 
[11:31:23:723]  Start to create sender related tempt document...
[11:32:24:646]  Program started ... 
[11:32:27:507]  Start to create sender related tempt document...
[11:33:12:547]  Sender related tempt documents had been created.
[11:33:12:547]  Program ended!
[11:33:12:547]  Time wasted:	48939 (ms)
[13:44:49:754]  Program started ... 
[13:44:51:862]  Start to create sender related tempt document...
[13:54:44:504]  Program started ... 
[13:54:46:331]  Start to create sender related tempt document...
[14:09:41:971]  Program started ... 
[14:09:43:701]  Start to create sender related tempt document...
[14:11:40:618]  Program started ... 
[14:11:42:343]  Start to create sender related tempt document...
[14:21:19:209]  Sender related tempt documents had been created.
[14:21:19:210]  Program ended!
[14:21:19:211]  Time wasted:	579656 (ms)
[14:21:23:537]  Program started ... 
[14:21:25:414]  Start to create sender related tempt document...
[14:23:55:429]  Program started ... 
[14:23:56:998]  Start to create sender related tempt document...
[14:23:58:162]  Sender related tempt documents had been created.
[14:23:58:163]  Program ended!
[14:23:58:163]  Time wasted:	3348 (ms)
[14:25:41:719]  Program started ... 
[14:25:43:810]  Start to create sender related tempt document...
[14:28:23:969]  Program started ... 
[14:28:25:830]  Start to create sender related tempt document...
[14:28:27:019]  Sender related tempt documents had been created.
[14:28:27:020]  Program ended!
[14:28:27:020]  Time wasted:	3788 (ms)
[14:33:15:700]  Program started ... 
[14:33:18:686]  Program ended!
[14:33:18:687]  Time wasted:	3718 (ms)
[14:35:29:979]  Program started ... 
[14:35:32:086]  Start to create LOGGING related tempt document...
[14:35:33:109]  LOGGING related tempt document had been created.
[14:35:33:109]  Program ended!
[14:35:33:110]  Time wasted:	4018 (ms)
[14:36:28:695]  Program started ... 
[14:36:30:946]  Program ended!
[14:36:30:947]  Time wasted:	2838 (ms)
[14:37:45:591]  Program started ... 
[14:37:47:185]  Start to create LOGGING related tempt document...
[14:37:48:068]  LOGGING related tempt document had been created.
[14:37:48:069]  Program ended!
[14:37:48:069]  Time wasted:	3117 (ms)
[14:38:39:816]  Program started ... 
[14:38:41:270]  Start to create sender related tempt document...
[14:38:42:275]  Sender related tempt documents had been created.
[14:38:42:278]  Start to create LOGGING related tempt document...
[14:38:42:508]  LOGGING related tempt document had been created.
[14:38:42:510]  Start to create STAGING related tempt document...
[14:38:42:734]  STAGING related tempt document had been created.
[14:38:42:735]  Program ended!
[14:38:42:735]  Time wasted:	3550 (ms)
[14:43:04:470]  Program started ... 
[14:43:06:086]  Start to create sender related tempt document...
[14:43:07:259]  Sender related tempt documents had been created.
[14:43:07:262]  Start to create LOGGING related tempt document...
[14:43:07:479]  LOGGING related tempt document had been created.
[14:43:07:480]  Start to create STAGING related tempt document...
[14:43:07:676]  STAGING related tempt document had been created.
[14:43:07:676]  Program ended!
[14:43:07:677]  Time wasted:	3822 (ms)
[15:52:48:484]  Program started ... 
[15:52:50:558]  Start to create Inbound Processing related tempt document...
[15:58:58:239]  Program started ... 
[15:58:59:987]  Start to create Inbound Processing related tempt document...
[16:00:49:734]  Program started ... 
[16:00:51:458]  Start to create Inbound Processing related tempt document...
[16:03:58:884]  Program started ... 
[16:04:00:631]  Start to create Inbound Processing related tempt document...
[16:07:46:687]  Program started ... 
[16:07:48:568]  Start to create Inbound Processing related tempt document...
[16:09:13:347]  Program started ... 
[16:09:15:115]  Start to create Inbound Processing related tempt document...
[16:09:25:701]  Program started ... 
[16:09:27:392]  Start to create Inbound Processing related tempt document...
[16:12:22:327]  Program started ... 
[16:12:24:198]  Start to create Inbound Processing related tempt document...
[16:20:34:356]  Program started ... 
[16:20:37:008]  Start to create Inbound Processing related tempt document...
[16:37:02:006]  Program started ... 
[16:37:04:766]  Start to create Inbound Processing related tempt document...
[16:37:34:400]  Inbound Processing related tempt document had been created.
[16:37:34:402]  Program ended!
[16:37:34:402]  Time wasted:	33832 (ms)
[16:42:30:303]  Program started ... 
[16:42:34:684]  Start to create Inbound Processing related tempt document...
[16:50:51:300]  Program started ... 
[16:50:57:401]  Start to create Inbound Processing related tempt document...
[16:53:00:400]  Program started ... 
[16:53:08:135]  Start to create Inbound Processing related tempt document...
[17:29:43:396]  Program started ... 
[17:29:48:004]  Start to create Inbound Processing related tempt document...
[17:47:26:800]  Program started ... 
[17:47:30:582]  Start to create Inbound Processing related tempt document...
[17:55:12:021]  Program started ... 
[17:55:19:627]  Start to create Inbound Processing related tempt document...
[17:57:04:903]  Program started ... 
[17:57:14:449]  Start to create Inbound Processing related tempt document...
[18:01:11:623]  Program started ... 
[18:01:16:090]  Start to create Inbound Processing related tempt document...
[18:03:13:382]  Program started ... 
[18:03:17:334]  Start to create Inbound Processing related tempt document...
[18:18:25:239]  Program started ... 
[18:18:30:232]  Start to create Inbound Processing related tempt document...
[18:21:46:358]  Program started ... 
[18:22:16:778]  Program started ... 
[18:22:24:100]  Start to create Inbound Processing related tempt document...
[18:24:51:269]  Program started ... 
[18:24:56:429]  Start to create Inbound Processing related tempt document...
[18:26:08:338]  Program started ... 
[18:26:14:836]  Start to create Inbound Processing related tempt document...
[18:35:43:978]  Program started ... 
[18:35:48:974]  Start to create Inbound Processing related tempt document...
[18:39:31:716]  Program started ... 
[18:39:35:609]  Start to create Inbound Processing related tempt document...
[18:44:17:413]  Program started ... 
[18:44:26:618]  Start to create Inbound Processing related tempt document...
[18:47:59:661]  Program started ... 
[18:48:04:463]  Start to create Inbound Processing related tempt document...
[19:00:31:267]  Program started ... 
[19:00:34:422]  Program started ... 
[19:01:28:181]  Program started ... 
[19:01:32:516]  Start to create Inbound Processing related tempt document...
[19:01:51:013]  Inbound Processing related tempt document had been created.
[19:01:51:014]  Program ended!
[19:01:51:014]  Time wasted:	23944 (ms)
[19:02:56:895]  Program started ... 
[19:03:16:604]  Start to create Inbound Processing related tempt document...
[19:03:31:704]  Inbound Processing related tempt document had been created.
[19:03:31:705]  Program ended!
[19:03:31:705]  Time wasted:	35750 (ms)
[19:05:28:433]  Program started ... 
[19:05:33:600]  Start to create Inbound Processing related tempt document...
[19:06:18:183]  Program started ... 
[19:06:26:316]  Start to create Inbound Processing related tempt document...
[19:07:56:848]  Program started ... 
[19:08:06:290]  Start to create Inbound Processing related tempt document...
[19:10:43:176]  Program started ... 
[19:10:47:950]  Start to create Inbound Processing related tempt document...
[19:14:05:831]  Program started ... 
[19:14:09:988]  Start to create Inbound Processing related tempt document...
[19:16:25:257]  Program started ... 
[19:16:29:941]  Start to create Inbound Processing related tempt document...
[19:19:42:189]  Program started ... 
[19:19:46:399]  Start to create Inbound Processing related tempt document...
[19:21:18:399]  Program started ... 
[19:21:22:925]  Start to create Inbound Processing related tempt document...
[19:23:56:954]  Program started ... 
[19:23:58:797]  Start to create Inbound Processing related tempt document...
[19:24:03:014]  Inbound Processing related tempt document had been created.
[19:24:03:015]  Program ended!
[19:24:03:015]  Time wasted:	6880 (ms)
[19:26:50:626]  Program started ... 
[19:26:52:483]  Start to create sender related tempt document...
[19:26:53:819]  Sender related tempt documents had been created.
[19:26:53:822]  Start to create LOGGING related tempt document...
[19:26:54:186]  LOGGING related tempt document had been created.
[19:26:54:187]  Start to create STAGING related tempt document...
[19:26:54:543]  STAGING related tempt document had been created.
[19:26:54:544]  Start to create Inbound Processing related tempt document...
[19:26:57:645]  Inbound Processing related tempt document had been created.
[19:26:57:646]  Program ended!
[19:26:57:646]  Time wasted:	7890 (ms)
[19:27:32:461]  Program started ... 
[19:27:34:087]  Start to create sender related tempt document...
[19:27:35:354]  Sender related tempt documents had been created.
[19:27:35:357]  Start to create LOGGING related tempt document...
[19:27:35:624]  LOGGING related tempt document had been created.
[19:27:35:626]  Start to create STAGING related tempt document...
[19:27:35:876]  STAGING related tempt document had been created.
[19:27:35:878]  Start to create Inbound Processing related tempt document...
[19:27:38:804]  Inbound Processing related tempt document had been created.
[19:27:38:804]  Program ended!
[19:27:38:804]  Time wasted:	7037 (ms)
[19:29:32:213]  Program started ... 
[19:29:32:216]  		Initial steps are finished.
[19:29:32:219]  		Data Collection started ... 
[19:29:33:808]  			Collected ICO, number is:	40
[19:29:34:154]  Start to create sender related tempt document...
[19:29:35:529]  Sender related tempt documents had been created.
[19:29:35:532]  Start to create LOGGING related tempt document...
[19:29:35:883]  LOGGING related tempt document had been created.
[19:29:35:884]  Start to create STAGING related tempt document...
[19:29:36:131]  STAGING related tempt document had been created.
[19:29:36:133]  Start to create Inbound Processing related tempt document...
[19:32:00:809]  Program started ... 
[19:32:00:813]  		Initial steps are finished.
[19:32:00:817]  		Data Collection started ... 
[19:32:02:561]  			Collected ICO, number is:	40
[19:32:02:866]  Start to create sender related tempt document...
[19:32:04:323]  Sender related tempt documents had been created.
[19:32:04:326]  Start to create LOGGING related tempt document...
[19:32:04:737]  LOGGING related tempt document had been created.
[19:32:04:738]  Start to create STAGING related tempt document...
[19:32:05:004]  STAGING related tempt document had been created.
[19:32:05:006]  Start to create Inbound Processing related tempt document...
[19:32:07:665]  Inbound Processing related tempt document had been created.
[19:33:23:415]  Program started ... 
[19:33:23:419]  		Initial steps are finished.
[19:33:23:422]  		Data Collection started ... 
[19:33:25:700]  			Collected ICO, number is:	40
[19:33:25:981]  Start to create sender related tempt document...
[19:33:27:468]  Sender related tempt documents had been created.
[19:33:27:472]  Start to create LOGGING related tempt document...
[19:33:27:753]  LOGGING related tempt document had been created.
[19:33:27:755]  Start to create STAGING related tempt document...
[19:33:27:992]  STAGING related tempt document had been created.
[19:33:27:994]  Start to create Inbound Processing related tempt document...
[19:33:32:056]  Inbound Processing related tempt document had been created.
[19:35:17:596]  Program started ... 
[19:35:17:600]  		Initial steps are finished.
[19:35:17:602]  		Data Collection started ... 
[19:35:19:306]  			Collected ICO, number is:	40
[19:35:19:767]  Start to create sender related tempt document...
[19:35:21:152]  Sender related tempt documents had been created.
[19:35:21:157]  Start to create LOGGING related tempt document...
[19:35:21:432]  LOGGING related tempt document had been created.
[19:35:21:434]  Start to create STAGING related tempt document...
[19:35:21:674]  STAGING related tempt document had been created.
[19:35:21:676]  Start to create Inbound Processing related tempt document...
[19:35:30:756]  Inbound Processing related tempt document had been created.
[19:36:48:091]  Start to create sender related tempt document...
[19:36:48:636]  Sender related tempt documents had been created.
[19:36:48:637]  Start to create LOGGING related tempt document...
[19:36:48:761]  LOGGING related tempt document had been created.
[19:36:48:761]  Start to create STAGING related tempt document...
[19:36:48:906]  STAGING related tempt document had been created.
[19:36:48:906]  Start to create Inbound Processing related tempt document...
[19:36:50:804]  Inbound Processing related tempt document had been created.
[19:36:56:058]  Start to create sender related tempt document...
[19:36:56:511]  Sender related tempt documents had been created.
[19:36:56:511]  Start to create LOGGING related tempt document...
[19:36:56:669]  LOGGING related tempt document had been created.
[19:36:56:670]  Start to create STAGING related tempt document...
[19:36:56:811]  STAGING related tempt document had been created.
[19:36:56:811]  Start to create Inbound Processing related tempt document...
[19:37:02:491]  Inbound Processing related tempt document had been created.
[19:37:03:398]  Start to create sender related tempt document...
[19:37:03:996]  Sender related tempt documents had been created.
[19:37:03:997]  Start to create LOGGING related tempt document...
[19:37:04:165]  LOGGING related tempt document had been created.
[19:37:04:167]  Start to create STAGING related tempt document...
[19:37:04:357]  STAGING related tempt document had been created.
[19:37:04:358]  Start to create Inbound Processing related tempt document...
[19:37:10:931]  Inbound Processing related tempt document had been created.
[19:37:11:814]  Start to create sender related tempt document...
[19:37:12:477]  Sender related tempt documents had been created.
[19:37:12:478]  Start to create LOGGING related tempt document...
[19:37:12:644]  LOGGING related tempt document had been created.
[19:37:12:644]  Start to create STAGING related tempt document...
[19:37:12:816]  STAGING related tempt document had been created.
[19:37:12:817]  Start to create Inbound Processing related tempt document...
[19:37:15:356]  Inbound Processing related tempt document had been created.
[19:37:16:066]  Start to create sender related tempt document...
[19:37:16:570]  Sender related tempt documents had been created.
[19:37:16:570]  Start to create LOGGING related tempt document...
[19:37:16:702]  LOGGING related tempt document had been created.
[19:37:16:702]  Start to create STAGING related tempt document...
[19:37:16:836]  STAGING related tempt document had been created.
[19:37:16:837]  Start to create Inbound Processing related tempt document...
[19:37:18:194]  Inbound Processing related tempt document had been created.
[19:37:18:819]  Start to create sender related tempt document...
[19:37:19:292]  Sender related tempt documents had been created.
[19:37:19:292]  Start to create LOGGING related tempt document...
[19:37:19:414]  LOGGING related tempt document had been created.
[19:37:19:414]  Start to create STAGING related tempt document...
[19:37:19:557]  STAGING related tempt document had been created.
[19:37:19:557]  Start to create Inbound Processing related tempt document...
[19:37:25:009]  Inbound Processing related tempt document had been created.
[19:37:25:759]  Start to create sender related tempt document...
[19:37:26:227]  Sender related tempt documents had been created.
[19:37:26:228]  Start to create LOGGING related tempt document...
[19:37:26:368]  LOGGING related tempt document had been created.
[19:37:26:369]  Start to create STAGING related tempt document...
[19:37:26:495]  STAGING related tempt document had been created.
[19:37:26:495]  Start to create Inbound Processing related tempt document...
[19:37:27:912]  Inbound Processing related tempt document had been created.
[19:37:28:651]  Start to create sender related tempt document...
[19:37:29:212]  Sender related tempt documents had been created.
[19:37:29:212]  Start to create LOGGING related tempt document...
[19:37:29:374]  LOGGING related tempt document had been created.
[19:37:29:375]  Start to create STAGING related tempt document...
[19:37:29:544]  STAGING related tempt document had been created.
[19:37:29:544]  Start to create Inbound Processing related tempt document...
[19:37:32:377]  Inbound Processing related tempt document had been created.
[19:37:33:013]  Start to create sender related tempt document...
[19:37:33:492]  Sender related tempt documents had been created.
[19:37:33:492]  Start to create LOGGING related tempt document...
[19:37:33:635]  LOGGING related tempt document had been created.
[19:37:33:636]  Start to create STAGING related tempt document...
[19:37:33:769]  STAGING related tempt document had been created.
[19:37:33:769]  Start to create Inbound Processing related tempt document...
[19:37:39:063]  Inbound Processing related tempt document had been created.
[19:37:39:880]  Start to create sender related tempt document...
[19:37:40:451]  Sender related tempt documents had been created.
[19:37:40:451]  Start to create LOGGING related tempt document...
[19:37:40:583]  LOGGING related tempt document had been created.
[19:37:40:583]  Start to create STAGING related tempt document...
[19:37:40:726]  STAGING related tempt document had been created.
[19:37:40:726]  Start to create Inbound Processing related tempt document...
[19:37:46:722]  Inbound Processing related tempt document had been created.
[19:37:47:853]  Start to create sender related tempt document...
[19:37:48:411]  Sender related tempt documents had been created.
[19:37:48:411]  Start to create LOGGING related tempt document...
[19:37:48:610]  LOGGING related tempt document had been created.
[19:37:48:610]  Start to create STAGING related tempt document...
[19:37:48:816]  STAGING related tempt document had been created.
[19:37:48:816]  Start to create Inbound Processing related tempt document...
[19:37:52:803]  Inbound Processing related tempt document had been created.
[19:37:53:682]  Start to create sender related tempt document...
[19:37:54:355]  Sender related tempt documents had been created.
[19:37:54:355]  Start to create LOGGING related tempt document...
[19:37:54:522]  LOGGING related tempt document had been created.
[19:37:54:522]  Start to create STAGING related tempt document...
[19:37:54:681]  STAGING related tempt document had been created.
[19:37:54:681]  Start to create Inbound Processing related tempt document...
[19:37:56:255]  Inbound Processing related tempt document had been created.
[19:37:57:115]  Start to create sender related tempt document...
[19:37:57:759]  Sender related tempt documents had been created.
[19:37:57:760]  Start to create LOGGING related tempt document...
[19:37:57:967]  LOGGING related tempt document had been created.
[19:37:57:968]  Start to create STAGING related tempt document...
[19:37:58:169]  STAGING related tempt document had been created.
[19:37:58:170]  Start to create Inbound Processing related tempt document...
[19:38:00:116]  Inbound Processing related tempt document had been created.
[19:38:00:785]  Start to create sender related tempt document...
[19:38:01:321]  Sender related tempt documents had been created.
[19:38:01:322]  Start to create LOGGING related tempt document...
[19:38:01:779]  LOGGING related tempt document had been created.
[19:38:01:779]  Start to create STAGING related tempt document...
[19:38:02:004]  STAGING related tempt document had been created.
[19:38:02:004]  Start to create Inbound Processing related tempt document...
[19:38:04:382]  Inbound Processing related tempt document had been created.
[19:38:05:107]  Start to create sender related tempt document...
[19:38:05:626]  Sender related tempt documents had been created.
[19:38:05:626]  Start to create LOGGING related tempt document...
[19:38:05:765]  LOGGING related tempt document had been created.
[19:38:05:766]  Start to create STAGING related tempt document...
[19:38:05:901]  STAGING related tempt document had been created.
[19:38:05:901]  Start to create Inbound Processing related tempt document...
[19:38:08:643]  Inbound Processing related tempt document had been created.
[19:38:09:397]  Start to create sender related tempt document...
[19:38:09:975]  Sender related tempt documents had been created.
[19:38:09:975]  Start to create LOGGING related tempt document...
[19:38:10:138]  LOGGING related tempt document had been created.
[19:38:10:138]  Start to create STAGING related tempt document...
[19:38:10:289]  STAGING related tempt document had been created.
[19:38:10:289]  Start to create Inbound Processing related tempt document...
[19:38:16:362]  Inbound Processing related tempt document had been created.
[19:38:17:301]  Start to create sender related tempt document...
[19:38:17:861]  Sender related tempt documents had been created.
[19:38:17:861]  Start to create LOGGING related tempt document...
[19:38:18:031]  LOGGING related tempt document had been created.
[19:38:18:031]  Start to create STAGING related tempt document...
[19:38:18:191]  STAGING related tempt document had been created.
[19:38:18:191]  Start to create Inbound Processing related tempt document...
[19:38:19:728]  Inbound Processing related tempt document had been created.
[19:38:20:441]  Start to create sender related tempt document...
[19:38:20:980]  Sender related tempt documents had been created.
[19:38:20:980]  Start to create LOGGING related tempt document...
[19:38:21:130]  LOGGING related tempt document had been created.
[19:38:21:130]  Start to create STAGING related tempt document...
[19:38:21:289]  STAGING related tempt document had been created.
[19:38:21:289]  Start to create Inbound Processing related tempt document...
[19:38:22:796]  Inbound Processing related tempt document had been created.
[19:38:23:450]  Start to create sender related tempt document...
[19:38:23:980]  Sender related tempt documents had been created.
[19:38:23:980]  Start to create LOGGING related tempt document...
[19:38:24:123]  LOGGING related tempt document had been created.
[19:38:24:124]  Start to create STAGING related tempt document...
[19:38:24:240]  STAGING related tempt document had been created.
[19:38:24:240]  Start to create Inbound Processing related tempt document...
[19:38:27:017]  Inbound Processing related tempt document had been created.
[19:38:27:803]  Start to create sender related tempt document...
[19:38:28:377]  Sender related tempt documents had been created.
[19:38:28:378]  Start to create LOGGING related tempt document...
[19:38:28:556]  LOGGING related tempt document had been created.
[19:38:28:556]  Start to create STAGING related tempt document...
[19:38:28:721]  STAGING related tempt document had been created.
[19:38:28:721]  Start to create Inbound Processing related tempt document...
[19:38:34:043]  Inbound Processing related tempt document had been created.
[19:38:34:863]  Start to create sender related tempt document...
[19:38:35:418]  Sender related tempt documents had been created.
[19:38:35:419]  Start to create LOGGING related tempt document...
[19:38:35:561]  LOGGING related tempt document had been created.
[19:38:35:562]  Start to create STAGING related tempt document...
[19:38:35:715]  STAGING related tempt document had been created.
[19:38:35:715]  Start to create Inbound Processing related tempt document...
[19:38:37:056]  Inbound Processing related tempt document had been created.
[19:38:37:609]  Start to create sender related tempt document...
[19:38:38:074]  Sender related tempt documents had been created.
[19:38:38:074]  Start to create LOGGING related tempt document...
[19:38:38:193]  LOGGING related tempt document had been created.
[19:38:38:193]  Start to create STAGING related tempt document...
[19:38:38:328]  STAGING related tempt document had been created.
[19:38:38:328]  Start to create Inbound Processing related tempt document...
[19:38:43:404]  Inbound Processing related tempt document had been created.
[19:38:44:131]  Start to create sender related tempt document...
[19:38:44:598]  Sender related tempt documents had been created.
[19:38:44:599]  Start to create LOGGING related tempt document...
[19:38:44:715]  LOGGING related tempt document had been created.
[19:38:44:715]  Start to create STAGING related tempt document...
[19:38:44:840]  STAGING related tempt document had been created.
[19:38:44:841]  Start to create Inbound Processing related tempt document...
[19:38:46:372]  Inbound Processing related tempt document had been created.
[19:38:47:086]  Start to create sender related tempt document...
[19:38:47:648]  Sender related tempt documents had been created.
[19:38:47:649]  Start to create LOGGING related tempt document...
[19:38:47:813]  LOGGING related tempt document had been created.
[19:38:47:813]  Start to create STAGING related tempt document...
[19:38:47:971]  STAGING related tempt document had been created.
[19:38:47:972]  Start to create Inbound Processing related tempt document...
[19:38:53:184]  Inbound Processing related tempt document had been created.
[19:38:53:945]  Start to create sender related tempt document...
[19:38:54:502]  Sender related tempt documents had been created.
[19:38:54:502]  Start to create LOGGING related tempt document...
[19:38:54:659]  LOGGING related tempt document had been created.
[19:38:54:660]  Start to create STAGING related tempt document...
[19:38:54:818]  STAGING related tempt document had been created.
[19:38:54:818]  Start to create Inbound Processing related tempt document...
[19:38:57:522]  Inbound Processing related tempt document had been created.
[19:38:58:238]  Start to create sender related tempt document...
[19:38:58:841]  Sender related tempt documents had been created.
[19:38:58:841]  Start to create LOGGING related tempt document...
[19:38:59:000]  LOGGING related tempt document had been created.
[19:38:59:000]  Start to create STAGING related tempt document...
[19:38:59:157]  STAGING related tempt document had been created.
[19:38:59:157]  Start to create Inbound Processing related tempt document...
[19:39:01:914]  Inbound Processing related tempt document had been created.
[19:39:02:646]  Start to create sender related tempt document...
[19:39:03:655]  Sender related tempt documents had been created.
[19:39:03:655]  Start to create LOGGING related tempt document...
[19:39:03:876]  LOGGING related tempt document had been created.
[19:39:03:876]  Start to create STAGING related tempt document...
[19:39:04:011]  STAGING related tempt document had been created.
[19:39:04:011]  Start to create Inbound Processing related tempt document...
[19:39:05:275]  Inbound Processing related tempt document had been created.
[19:39:05:885]  Start to create sender related tempt document...
[19:39:06:463]  Sender related tempt documents had been created.
[19:39:06:463]  Start to create LOGGING related tempt document...
[19:39:06:601]  LOGGING related tempt document had been created.
[19:39:06:601]  Start to create STAGING related tempt document...
[19:39:06:752]  STAGING related tempt document had been created.
[19:39:06:752]  Start to create Inbound Processing related tempt document...
[19:39:09:507]  Inbound Processing related tempt document had been created.
[19:39:10:221]  Start to create sender related tempt document...
[19:39:10:806]  Sender related tempt documents had been created.
[19:39:10:806]  Start to create LOGGING related tempt document...
[19:39:10:962]  LOGGING related tempt document had been created.
[19:39:10:962]  Start to create STAGING related tempt document...
[19:39:11:127]  STAGING related tempt document had been created.
[19:39:11:127]  Start to create Inbound Processing related tempt document...
[19:39:16:983]  Inbound Processing related tempt document had been created.
[19:39:17:891]  Start to create sender related tempt document...
[19:39:18:427]  Sender related tempt documents had been created.
[19:39:18:427]  Start to create LOGGING related tempt document...
[19:39:18:584]  LOGGING related tempt document had been created.
[19:39:18:584]  Start to create STAGING related tempt document...
[19:39:18:741]  STAGING related tempt document had been created.
[19:39:18:742]  Start to create Inbound Processing related tempt document...
[19:39:20:311]  Inbound Processing related tempt document had been created.
[19:39:20:960]  Start to create sender related tempt document...
[19:39:21:546]  Sender related tempt documents had been created.
[19:39:21:547]  Start to create LOGGING related tempt document...
[19:39:21:708]  LOGGING related tempt document had been created.
[19:39:21:709]  Start to create STAGING related tempt document...
[19:39:21:866]  STAGING related tempt document had been created.
[19:39:21:867]  Start to create Inbound Processing related tempt document...
[19:39:23:780]  Inbound Processing related tempt document had been created.
[19:39:24:489]  Start to create sender related tempt document...
[19:39:25:046]  Sender related tempt documents had been created.
[19:39:25:046]  Start to create LOGGING related tempt document...
[19:39:25:203]  LOGGING related tempt document had been created.
[19:39:25:204]  Start to create STAGING related tempt document...
[19:39:25:365]  STAGING related tempt document had been created.
[19:39:25:365]  Start to create Inbound Processing related tempt document...
[19:39:26:627]  Inbound Processing related tempt document had been created.
[19:39:27:277]  Start to create sender related tempt document...
[19:39:28:703]  Sender related tempt documents had been created.
[19:39:28:703]  Start to create LOGGING related tempt document...
[19:39:28:860]  LOGGING related tempt document had been created.
[19:39:28:860]  Start to create STAGING related tempt document...
[19:39:29:018]  STAGING related tempt document had been created.
[19:39:29:018]  Start to create Inbound Processing related tempt document...
[19:39:30:661]  Inbound Processing related tempt document had been created.
[19:39:31:570]  Start to create sender related tempt document...
[19:39:32:133]  Sender related tempt documents had been created.
[19:39:32:133]  Start to create LOGGING related tempt document...
[19:39:32:294]  LOGGING related tempt document had been created.
[19:39:32:295]  Start to create STAGING related tempt document...
[19:39:32:456]  STAGING related tempt document had been created.
[19:39:32:456]  Start to create Inbound Processing related tempt document...
[19:39:33:822]  Inbound Processing related tempt document had been created.
[19:39:34:541]  Start to create sender related tempt document...
[19:39:34:982]  Sender related tempt documents had been created.
[19:39:34:982]  Start to create LOGGING related tempt document...
[19:39:35:105]  LOGGING related tempt document had been created.
[19:39:35:105]  Start to create STAGING related tempt document...
[19:39:35:250]  STAGING related tempt document had been created.
[19:39:35:250]  Start to create Inbound Processing related tempt document...
[19:39:36:485]  Inbound Processing related tempt document had been created.
[19:39:37:087]  Start to create sender related tempt document...
[19:39:37:624]  Sender related tempt documents had been created.
[19:39:37:624]  Start to create LOGGING related tempt document...
[19:39:37:745]  LOGGING related tempt document had been created.
[19:39:37:745]  Start to create STAGING related tempt document...
[19:39:37:877]  STAGING related tempt document had been created.
[19:39:37:878]  Start to create Inbound Processing related tempt document...
[19:39:39:069]  Inbound Processing related tempt document had been created.
[19:39:39:700]  Start to create sender related tempt document...
[19:39:40:242]  Sender related tempt documents had been created.
[19:39:40:242]  Start to create LOGGING related tempt document...
[19:39:40:397]  LOGGING related tempt document had been created.
[19:39:40:398]  Start to create STAGING related tempt document...
[19:39:40:531]  STAGING related tempt document had been created.
[19:39:40:532]  Start to create Inbound Processing related tempt document...
[19:39:41:787]  Inbound Processing related tempt document had been created.
[19:39:42:478]  Start to create sender related tempt document...
[19:39:42:988]  Sender related tempt documents had been created.
[19:39:42:988]  Start to create LOGGING related tempt document...
[19:39:43:109]  LOGGING related tempt document had been created.
[19:39:43:110]  Start to create STAGING related tempt document...
[19:39:43:240]  STAGING related tempt document had been created.
[19:39:43:240]  Start to create Inbound Processing related tempt document...
[19:39:44:841]  Inbound Processing related tempt document had been created.
[19:39:45:428]  Start to create sender related tempt document...
[19:39:45:962]  Sender related tempt documents had been created.
[19:39:45:962]  Start to create LOGGING related tempt document...
[19:39:46:077]  LOGGING related tempt document had been created.
[19:39:46:077]  Start to create STAGING related tempt document...
[19:39:46:209]  STAGING related tempt document had been created.
[19:39:46:210]  Start to create Inbound Processing related tempt document...
[19:39:47:478]  Inbound Processing related tempt document had been created.
[19:39:47:733]  Program ended!
[19:39:47:734]  Time wasted:	271042 (ms)
